0 info it worked if it ends with ok
1 verbose cli [ '/usr/local/Cellar/node/7.5.0/bin/node',
1 verbose cli   '/usr/local/bin/npm',
1 verbose cli   'link',
1 verbose cli   '-g' ]
2 info using npm@4.1.2
3 info using node@v7.5.0
4 verbose stack Error: link should never be --global.
4 verbose stack Please re-run this command with --local
4 verbose stack     at EventEmitter.link (/usr/local/lib/node_modules/npm/lib/link.js:46:15)
4 verbose stack     at Object.commandCache.(anonymous function) (/usr/local/lib/node_modules/npm/lib/npm.js:128:13)
4 verbose stack     at EventEmitter.<anonymous> (/usr/local/lib/node_modules/npm/bin/npm-cli.js:77:30)
4 verbose stack     at _combinedTickCallback (internal/process/next_tick.js:67:7)
4 verbose stack     at process._tickCallback (internal/process/next_tick.js:98:9)
5 verbose cwd /Users/alex.e.c/bootprint-json-schema
6 error Darwin 16.4.0
7 error argv "/usr/local/Cellar/node/7.5.0/bin/node" "/usr/local/bin/npm" "link" "-g"
8 error node v7.5.0
9 error npm  v4.1.2
10 error link should never be --global.
10 error Please re-run this command with --local
11 error If you need help, you may report this error at:
11 error     <https://github.com/npm/npm/issues>
12 verbose exit [ 1, true ]
